problem_10_50_2_1_5.txt
1 - 34 - 31                                                                                                                    
2 - 43 - 42                                                                                                                    
3 - 8 - 6                                                                                                                      
4 - 26 - 25                                                                                                                    
5 - 17 - 14                                                                                                                    
6 - 15 - 13                                                                                                                    
7 - 25 - 25                                                                                                                    
8 - 42 - 41                                                                                                                    
9 - 24 - 19                                                                                                                    
10 - 15 - 12                                                                                                                   
64                                                                                                                             
Time taken by program is : 0.000804 sec

problem_10_50_2_2_5.txt
1 - 47 - 50                                                                                                                                                                
2 - 27 - 26                                                                                                                                                                
3 - 22 - 26                                                                                                                                                                
4 - 27 - 29                                                                                                                                                                
5 - 15 - 14                                                                                                                                                                
6 - 19 - 18                                                                                                                                                                
7 - 1 - 1                                                                                                                                                                  
8 - 28 - 30                                                                                                                                                                
9 - 48 - 43                                                                                                                                                                
10 - 21 - 16                                                                                                                                                               
91                                                                                                                                                                         
Time taken by program is : 0.000161 sec

problem_10_50_2_3_5.txt
1 - 21 - 18                                                                                                                                                                
2 - 16 - 19                                                                                                                                                                
3 - 4 - 5                                                                                                                                                                  
4 - 22 - 26                                                                                                                                                                
5 - 10 - 15                                                                                                                                                                
6 - 15 - 14                                                                                                                                                                
7 - 31 - 28                                                                                                                                                                
8 - 20 - 18                                                                                                                                                                
9 - 11 - 10                                                                                                                                                                
10 - 19 - 21                                                                                                                                                               
91                                                                                                                                                                         
Time taken by program is : 0.000202 sec

problem_10_50_2_4_5.txt


problem_10_50_2_5_5.txt
