problem_10_50_1_1_5.txt
output:
1 - 42 - 31                                                                                                                                   
2 - 42 - 42                                                                                                                                   
3 - 18 - 6                                                                                                                                    
4 - 18 - 25                                                                                                                                   
5 - 27 - 14                                                                                                                                   
6 - 7 - 13                                                                                                                                    
7 - 17 - 25                                                                                                                                   
8 - 19 - 41                                                                                                                                   
9 - 44 - 19                                                                                                                                   
10 - 34 - 12                                                                                                                                  
123                                                                                                                                           
Time taken by program is : 0.000100 sec

problem_10_50_1_2_5.txt
output:
1 - 18 - 50                                                                                                                                   
2 - 1 - 26                                                                                                                                    
3 - 18 - 26                                                                                                                                   
4 - 44 - 29                                                                                                                                   
5 - 46 - 14                                                                                                                                   
6 - 15 - 18                                                                                                                                   
7 - 16 - 1                                                                                                                                    
8 - 2 - 30                                                                                                                                    
9 - 47 - 43                                                                                                                                   
10 - 3 - 16                                                                                                                                   
127                                                                                                                                           
Time taken by program is : 0.000135 sec

problem_10_50_1_3_5.txt
output:
1 - 45 - 18                                                                                                                                   
2 - 17 - 19                                                                                                                                   
3 - 27 - 5                                                                                                                                    
4 - 21 - 26                                                                                                                                   
5 - 22 - 15                                                                                                                                   
6 - 24 - 14                                                                                                                                   
7 - 22 - 28                                                                                                                                   
8 - 42 - 18                                                                                                                                   
9 - 7 - 10                                                                                                                                    
10 - 13 - 21                                                                                                                                  
167                                                                                                                                           
Time taken by program is : 0.000158 sec

problem_10_50_1_4_5.txt
output:
1 - 21 - 37                                                                                                                                 
2 - 26 - 3                                                                                                                                  
3 - 27 - 25                                                                                                                                 
4 - 5 - 22                                                                                                                                  
5 - 41 - 15                                                                                                                                 
6 - 32 - 19                                                                                                                                 
7 - 21 - 4                                                                                                                                  
8 - 33 - 7                                                                                                                                  
9 - 10 - 26                                                                                                                                 
10 - 32 - 17                                                                                                                                
222                                                                                                                                         
Time taken by program is : 0.000146 sec

problem_10_50_1_5_5.txt
output:
1 - 6 - 5                                                                                                                                   
2 - 42 - 46                                                                                                                                 
3 - 36 - 46                                                                                                                                 
4 - 32 - 27                                                                                                                                 
5 - 17 - 8                                                                                                                                  
6 - 41 - 15                                                                                                                                 
7 - 19 - 31                                                                                                                                 
8 - 15 - 45                                                                                                                                 
9 - 12 - 43                                                                                                                                 
10 - 42 - 22                                                                                                                                
244                                                                                                                                         
Time taken by program is : 0.000203 sec
